<?xml version="1.0" encoding="UTF-8"?>
<!-- Generated by org.testng.reporters.JUnitReportReporter -->
<testsuite skipped="0" hostname="Jainuls-MacBook-Air.local" name="Runner.Runner" tests="1" failures="0" timestamp="10 Sep 2021 05:29:25 GMT" time="6.420" errors="0">
  <testcase name="feature" time="6.420" classname="Runner.Runner"/>
</testsuite> <!-- Runner.Runner -->
